<?xml version="1.0" encoding="UTF-8"?>
<!-- Generated by org.testng.reporters.JUnitReportReporter -->
<testsuite skipped="0" hostname="DESKTOP-HC5CKN9" name="RestAssured.Practice.DynamicJSON" tests="3" failures="0" timestamp="27 Feb 2021 14:31:51 GMT" time="10.045" errors="0">
  <testcase name="addBook" time="2.825" classname="RestAssured.Practice.DynamicJSON"/>
  <testcase name="addBook" time="0.225" classname="RestAssured.Practice.DynamicJSON"/>
  <testcase name="addBook" time="6.995" classname="RestAssured.Practice.DynamicJSON"/>
</testsuite> <!-- RestAssured.Practice.DynamicJSON -->
