<?xml version="1.0" encoding="UTF-8"?>
<!-- Generated by org.testng.reporters.JUnitReportReporter -->
<testsuite skipped="0" hostname="DESKTOP-K6HNVQA" name="RestAssured.Practice.Basic" tests="1" failures="0" timestamp="2020-03-03T23:35:22 IST" time="5.122" errors="0">
  <testcase name="verifyResponse" time="5.122" classname="RestAssured.Practice.Basic"/>
</testsuite> <!-- RestAssured.Practice.Basic -->
